[2019-03-27 11:36:18,474] INFO (delegated_ticket_script.py: 118) Username / Password extracted successfully
[2019-03-27 11:36:40,115] INFO (delegated_ticket_script.py: 163) Chrome driver path: C:\Users\sratnappuli\Desktop\delegated_tickets_script\drivers\chromedriver.exe
[2019-03-27 11:36:40,115] INFO (delegated_ticket_script.py: 164) Artologik URL: https://fss.virtusa.com
[2019-03-27 11:36:45,252] ERROR (delegated_ticket_script.py: 266) Message: no such element: Unable to locate element: {"method":"id","selector":"UserName"}
  (Session info: chrome=72.0.3626.121)
  (Driver info: chromedriver=73.0.3683.68 (47787ec04b6e38e22703e856e101e840b65afe72),platform=Windows NT 6.1.7601 SP1 x86_64)
Traceback (most recent call last):
  File "C:\Users\sratnappuli\Desktop\delegated_tickets_script\delegated_ticket_script.py", line 176, in initiate_artologik_login
    u = browser.find_element_by_id('UserName')
  File "C:\Python27\lib\site-packages\selenium\webdriver\remote\webdriver.py", line 341, in find_element_by_id
    return self.find_element(by=By.ID, value=id_)
  File "C:\Python27\lib\site-packages\selenium\webdriver\remote\webdriver.py", line 843, in find_element
    'value': value})['value']
  File "C:\Python27\lib\site-packages\selenium\webdriver\remote\webdriver.py", line 308, in execute
    self.error_handler.check_response(response)
  File "C:\Python27\lib\site-packages\selenium\webdriver\remote\errorhandler.py", line 194, in check_response
    raise exception_class(message, screen, stacktrace)
NoSuchElementException: Message: no such element: Unable to locate element: {"method":"id","selector":"UserName"}
  (Session info: chrome=72.0.3626.121)
  (Driver info: chromedriver=73.0.3683.68 (47787ec04b6e38e22703e856e101e840b65afe72),platform=Windows NT 6.1.7601 SP1 x86_64)

[2019-03-27 11:36:45,293] INFO (delegated_ticket_script.py: 267) Terminating the program...
